<?xml version="1.0" encoding="UTF-8"?>
<!-- Generated by org.testng.reporters.JUnitReportReporter -->
<testsuite hostname="DESKTOP-PRAVRSQ" failures="0" tests="3" name="com.herokuapp.tests.AlertsTests" time="11.565" errors="0" timestamp="2024-04-18T21:57:15 CEST" skipped="0">
  <testcase classname="com.herokuapp.tests.AlertsTests" name="alertJsPrompt" time="3.564"/>
  <testcase classname="com.herokuapp.tests.AlertsTests" name="alertJs" time="4.260"/>
  <testcase classname="com.herokuapp.tests.AlertsTests" name="alertJsConfirm" time="3.741"/>
</testsuite> <!-- com.herokuapp.tests.AlertsTests -->
